<?xml version="1.0" encoding="UTF-8"?>
<!-- Generated by org.testng.reporters.JUnitReportReporter -->
<testsuite skipped="0" hostname="shubhika3147562" name="HomePage" tests="1" failures="0" timestamp="20 Jun 2018 07:12:14 GMT" time="10.457" errors="0">
  <testcase name="Test" time="10.457" classname="HomePage"/>
</testsuite> <!-- HomePage -->
